<?xml version="1.0" encoding="UTF-8"?>
<testsuite xmlns:xsi="http://www.w3.org/2001/XMLSchema-instance" xsi:noNamespaceSchemaLocation="https://maven.apache.org/surefire/maven-surefire-plugin/xsd/surefire-test-report.xsd" version="3.0.2" name="digio.co.th.movies_db.MoviesDbApplicationTests" time="10.677" tests="1" errors="0" skipped="0" failures="0">
  <properties>
    <property name="java.specification.version" value="21"/>
    <property name="sun.jnu.encoding" value="UTF-8"/>
    <property name="java.class.path" value="/Users/prasopchocksancharoen/Documents/Intern-Poonsap/movies_db/target/test-classes:/Users/prasopchocksancharoen/Documents/Intern-Poonsap/movies_db/target/classes:/Users/prasopchocksancharoen/.m2/repository/org/springframework/boot/spring-boot-starter-data-jpa/3.4.0/spring-boot-starter-data-jpa-3.4.0.jar:/Users/prasopchocksancharoen/.m2/repository/org/springframework/boot/spring-boot-starter/3.4.0/spring-boot-starter-3.4.0.jar:/Users/prasopchocksancharoen/.m2/repository/org/springframework/boot/spring-boot/3.4.0/spring-boot-3.4.0.jar:/Users/prasopchocksancharoen/.m2/repository/org/springframework/boot/spring-boot-autoconfigure/3.4.0/spring-boot-autoconfigure-3.4.0.jar:/Users/prasopchocksancharoen/.m2/repository/org/springframework/boot/spring-boot-starter-logging/3.4.0/spring-boot-starter-logging-3.4.0.jar:/Users/prasopchocksancharoen/.m2/repository/ch/qos/logback/logback-classic/1.5.12/logback-classic-1.5.12.jar:/Users/prasopchocksancharoen/.m2/repository/ch/qos/logback/logback-core/1.5.12/logback-core-1.5.12.jar:/Users/prasopchocksancharoen/.m2/repository/org/apache/logging/log4j/log4j-to-slf4j/2.24.1/log4j-to-slf4j-2.24.1.jar:/Users/prasopchocksancharoen/.m2/repository/org/apache/logging/log4j/log4j-api/2.24.1/log4j-api-2.24.1.jar:/Users/prasopchocksancharoen/.m2/repository/org/slf4j/jul-to-slf4j/2.0.16/jul-to-slf4j-2.0.16.jar:/Users/prasopchocksancharoen/.m2/repository/jakarta/annotation/jakarta.annotation-api/2.1.1/jakarta.annotation-api-2.1.1.jar:/Users/prasopchocksancharoen/.m2/repository/org/yaml/snakeyaml/2.3/snakeyaml-2.3.jar:/Users/prasopchocksancharoen/.m2/repository/org/springframework/boot/spring-boot-starter-jdbc/3.4.0/spring-boot-starter-jdbc-3.4.0.jar:/Users/prasopchocksancharoen/.m2/repository/com/zaxxer/HikariCP/5.1.0/HikariCP-5.1.0.jar:/Users/prasopchocksancharoen/.m2/repository/org/springframework/spring-jdbc/6.2.0/spring-jdbc-6.2.0.jar:/Users/prasopchocksancharoen/.m2/repository/org/hibernate/orm/hibernate-core/6.6.2.Final/hibernate-core-6.6.2.Final.jar:/Users/prasopchocksancharoen/.m2/repository/jakarta/persistence/jakarta.persistence-api/3.1.0/jakarta.persistence-api-3.1.0.jar:/Users/prasopchocksancharoen/.m2/repository/jakarta/transaction/jakarta.transaction-api/2.0.1/jakarta.transaction-api-2.0.1.jar:/Users/prasopchocksancharoen/.m2/repository/org/jboss/logging/jboss-logging/3.6.1.Final/jboss-logging-3.6.1.Final.jar:/Users/prasopchocksancharoen/.m2/repository/org/hibernate/common/hibernate-commons-annotations/7.0.3.Final/hibernate-commons-annotations-7.0.3.Final.jar:/Users/prasopchocksancharoen/.m2/repository/io/smallrye/jandex/3.2.0/jandex-3.2.0.jar:/Users/prasopchocksancharoen/.m2/repository/com/fasterxml/classmate/1.7.0/classmate-1.7.0.jar:/Users/prasopchocksancharoen/.m2/repository/net/bytebuddy/byte-buddy/1.15.10/byte-buddy-1.15.10.jar:/Users/prasopchocksancharoen/.m2/repository/org/glassfish/jaxb/jaxb-runtime/4.0.5/jaxb-runtime-4.0.5.jar:/Users/prasopchocksancharoen/.m2/repository/org/glassfish/jaxb/jaxb-core/4.0.5/jaxb-core-4.0.5.jar:/Users/prasopchocksancharoen/.m2/repository/org/eclipse/angus/angus-activation/2.0.2/angus-activation-2.0.2.jar:/Users/prasopchocksancharoen/.m2/repository/org/glassfish/jaxb/txw2/4.0.5/txw2-4.0.5.jar:/Users/prasopchocksancharoen/.m2/repository/com/sun/istack/istack-commons-runtime/4.1.2/istack-commons-runtime-4.1.2.jar:/Users/prasopchocksancharoen/.m2/repository/jakarta/inject/jakarta.inject-api/2.0.1/jakarta.inject-api-2.0.1.jar:/Users/prasopchocksancharoen/.m2/repository/org/antlr/antlr4-runtime/4.13.0/antlr4-runtime-4.13.0.jar:/Users/prasopchocksancharoen/.m2/repository/org/springframework/data/spring-data-jpa/3.4.0/spring-data-jpa-3.4.0.jar:/Users/prasopchocksancharoen/.m2/repository/org/springframework/data/spring-data-commons/3.4.0/spring-data-commons-3.4.0.jar:/Users/prasopchocksancharoen/.m2/repository/org/springframework/spring-orm/6.2.0/spring-orm-6.2.0.jar:/Users/prasopchocksancharoen/.m2/repository/org/springframework/spring-context/6.2.0/spring-context-6.2.0.jar:/Users/prasopchocksancharoen/.m2/repository/org/springframework/spring-aop/6.2.0/spring-aop-6.2.0.jar:/Users/prasopchocksancharoen/.m2/repository/org/springframework/spring-tx/6.2.0/spring-tx-6.2.0.jar:/Users/prasopchocksancharoen/.m2/repository/org/springframework/spring-beans/6.2.0/spring-beans-6.2.0.jar:/Users/prasopchocksancharoen/.m2/repository/org/slf4j/slf4j-api/2.0.16/slf4j-api-2.0.16.jar:/Users/prasopchocksancharoen/.m2/repository/org/springframework/spring-aspects/6.2.0/spring-aspects-6.2.0.jar:/Users/prasopchocksancharoen/.m2/repository/org/aspectj/aspectjweaver/1.9.22.1/aspectjweaver-1.9.22.1.jar:/Users/prasopchocksancharoen/.m2/repository/org/springframework/boot/spring-boot-starter-web/3.4.0/spring-boot-starter-web-3.4.0.jar:/Users/prasopchocksancharoen/.m2/repository/org/springframework/boot/spring-boot-starter-json/3.4.0/spring-boot-starter-json-3.4.0.jar:/Users/prasopchocksancharoen/.m2/repository/com/fasterxml/jackson/core/jackson-databind/2.18.1/jackson-databind-2.18.1.jar:/Users/prasopchocksancharoen/.m2/repository/com/fasterxml/jackson/core/jackson-annotations/2.18.1/jackson-annotations-2.18.1.jar:/Users/prasopchocksancharoen/.m2/repository/com/fasterxml/jackson/core/jackson-core/2.18.1/jackson-core-2.18.1.jar:/Users/prasopchocksancharoen/.m2/repository/com/fasterxml/jackson/datatype/jackson-datatype-jdk8/2.18.1/jackson-datatype-jdk8-2.18.1.jar:/Users/prasopchocksancharoen/.m2/repository/com/fasterxml/jackson/datatype/jackson-datatype-jsr310/2.18.1/jackson-datatype-jsr310-2.18.1.jar:/Users/prasopchocksancharoen/.m2/repository/com/fasterxml/jackson/module/jackson-module-parameter-names/2.18.1/jackson-module-parameter-names-2.18.1.jar:/Users/prasopchocksancharoen/.m2/repository/org/springframework/boot/spring-boot-starter-tomcat/3.4.0/spring-boot-starter-tomcat-3.4.0.jar:/Users/prasopchocksancharoen/.m2/repository/org/apache/tomcat/embed/tomcat-embed-core/10.1.33/tomcat-embed-core-10.1.33.jar:/Users/prasopchocksancharoen/.m2/repository/org/apache/tomcat/embed/tomcat-embed-el/10.1.33/tomcat-embed-el-10.1.33.jar:/Users/prasopchocksancharoen/.m2/repository/org/apache/tomcat/embed/tomcat-embed-websocket/10.1.33/tomcat-embed-websocket-10.1.33.jar:/Users/prasopchocksancharoen/.m2/repository/org/springframework/spring-web/6.2.0/spring-web-6.2.0.jar:/Users/prasopchocksancharoen/.m2/repository/io/micrometer/micrometer-observation/1.14.1/micrometer-observation-1.14.1.jar:/Users/prasopchocksancharoen/.m2/repository/io/micrometer/micrometer-commons/1.14.1/micrometer-commons-1.14.1.jar:/Users/prasopchocksancharoen/.m2/repository/org/springframework/spring-webmvc/6.2.0/spring-webmvc-6.2.0.jar:/Users/prasopchocksancharoen/.m2/repository/org/springframework/spring-expression/6.2.0/spring-expression-6.2.0.jar:/Users/prasopchocksancharoen/.m2/repository/com/mysql/mysql-connector-j/9.1.0/mysql-connector-j-9.1.0.jar:/Users/prasopchocksancharoen/.m2/repository/org/projectlombok/lombok/1.18.36/lombok-1.18.36.jar:/Users/prasopchocksancharoen/.m2/repository/org/springframework/boot/spring-boot-starter-test/3.4.0/spring-boot-starter-test-3.4.0.jar:/Users/prasopchocksancharoen/.m2/repository/org/springframework/boot/spring-boot-test/3.4.0/spring-boot-test-3.4.0.jar:/Users/prasopchocksancharoen/.m2/repository/org/springframework/boot/spring-boot-test-autoconfigure/3.4.0/spring-boot-test-autoconfigure-3.4.0.jar:/Users/prasopchocksancharoen/.m2/repository/com/jayway/jsonpath/json-path/2.9.0/json-path-2.9.0.jar:/Users/prasopchocksancharoen/.m2/repository/jakarta/xml/bind/jakarta.xml.bind-api/4.0.2/jakarta.xml.bind-api-4.0.2.jar:/Users/prasopchocksancharoen/.m2/repository/jakarta/activation/jakarta.activation-api/2.1.3/jakarta.activation-api-2.1.3.jar:/Users/prasopchocksancharoen/.m2/repository/net/minidev/json-smart/2.5.1/json-smart-2.5.1.jar:/Users/prasopchocksancharoen/.m2/repository/net/minidev/accessors-smart/2.5.1/accessors-smart-2.5.1.jar:/Users/prasopchocksancharoen/.m2/repository/org/ow2/asm/asm/9.6/asm-9.6.jar:/Users/prasopchocksancharoen/.m2/repository/org/assertj/assertj-core/3.26.3/assertj-core-3.26.3.jar:/Users/prasopchocksancharoen/.m2/repository/org/awaitility/awaitility/4.2.2/awaitility-4.2.2.jar:/Users/prasopchocksancharoen/.m2/repository/org/hamcrest/hamcrest/2.2/hamcrest-2.2.jar:/Users/prasopchocksancharoen/.m2/repository/org/junit/jupiter/junit-jupiter/5.11.3/junit-jupiter-5.11.3.jar:/Users/prasopchocksancharoen/.m2/repository/org/junit/jupiter/junit-jupiter-api/5.11.3/junit-jupiter-api-5.11.3.jar:/Users/prasopchocksancharoen/.m2/repository/org/opentest4j/opentest4j/1.3.0/opentest4j-1.3.0.jar:/Users/prasopchocksancharoen/.m2/repository/org/junit/platform/junit-platform-commons/1.11.3/junit-platform-commons-1.11.3.jar:/Users/prasopchocksancharoen/.m2/repository/org/apiguardian/apiguardian-api/1.1.2/apiguardian-api-1.1.2.jar:/Users/prasopchocksancharoen/.m2/repository/org/junit/jupiter/junit-jupiter-params/5.11.3/junit-jupiter-params-5.11.3.jar:/Users/prasopchocksancharoen/.m2/repository/org/junit/jupiter/junit-jupiter-engine/5.11.3/junit-jupiter-engine-5.11.3.jar:/Users/prasopchocksancharoen/.m2/repository/org/junit/platform/junit-platform-engine/1.11.3/junit-platform-engine-1.11.3.jar:/Users/prasopchocksancharoen/.m2/repository/org/mockito/mockito-core/5.14.2/mockito-core-5.14.2.jar:/Users/prasopchocksancharoen/.m2/repository/net/bytebuddy/byte-buddy-agent/1.15.10/byte-buddy-agent-1.15.10.jar:/Users/prasopchocksancharoen/.m2/repository/org/objenesis/objenesis/3.3/objenesis-3.3.jar:/Users/prasopchocksancharoen/.m2/repository/org/mockito/mockito-junit-jupiter/5.14.2/mockito-junit-jupiter-5.14.2.jar:/Users/prasopchocksancharoen/.m2/repository/org/skyscreamer/jsonassert/1.5.3/jsonassert-1.5.3.jar:/Users/prasopchocksancharoen/.m2/repository/com/vaadin/external/google/android-json/0.0.20131108.vaadin1/android-json-0.0.20131108.vaadin1.jar:/Users/prasopchocksancharoen/.m2/repository/org/springframework/spring-core/6.2.0/spring-core-6.2.0.jar:/Users/prasopchocksancharoen/.m2/repository/org/springframework/spring-jcl/6.2.0/spring-jcl-6.2.0.jar:/Users/prasopchocksancharoen/.m2/repository/org/springframework/spring-test/6.2.0/spring-test-6.2.0.jar:/Users/prasopchocksancharoen/.m2/repository/org/xmlunit/xmlunit-core/2.10.0/xmlunit-core-2.10.0.jar:"/>
    <property name="java.vm.vendor" value="Oracle Corporation"/>
    <property name="sun.arch.data.model" value="64"/>
    <property name="java.vendor.url" value="https://java.oracle.com/"/>
    <property name="user.timezone" value="Asia/Bangkok"/>
    <property name="org.jboss.logging.provider" value="slf4j"/>
    <property name="os.name" value="Mac OS X"/>
    <property name="java.vm.specification.version" value="21"/>
    <property name="APPLICATION_NAME" value="movies_db"/>
    <property name="sun.java.launcher" value="SUN_STANDARD"/>
    <property name="user.country" value="TH"/>
    <property name="sun.boot.library.path" value="/Library/Java/JavaVirtualMachines/jdk-21.jdk/Contents/Home/lib"/>
    <property name="sun.java.command" value="/Users/prasopchocksancharoen/Documents/Intern-Poonsap/movies_db/target/surefire/surefirebooter-20241213115101815_3.jar /Users/prasopchocksancharoen/Documents/Intern-Poonsap/movies_db/target/surefire 2024-12-13T11-51-00_296-jvmRun1 surefire-20241213115101815_1tmp surefire_0-20241213115101815_2tmp"/>
    <property name="http.nonProxyHosts" value="local|*.local|169.254/16|*.169.254/16"/>
    <property name="jdk.debug" value="release"/>
    <property name="surefire.test.class.path" value="/Users/prasopchocksancharoen/Documents/Intern-Poonsap/movies_db/target/test-classes:/Users/prasopchocksancharoen/Documents/Intern-Poonsap/movies_db/target/classes:/Users/prasopchocksancharoen/.m2/repository/org/springframework/boot/spring-boot-starter-data-jpa/3.4.0/spring-boot-starter-data-jpa-3.4.0.jar:/Users/prasopchocksancharoen/.m2/repository/org/springframework/boot/spring-boot-starter/3.4.0/spring-boot-starter-3.4.0.jar:/Users/prasopchocksancharoen/.m2/repository/org/springframework/boot/spring-boot/3.4.0/spring-boot-3.4.0.jar:/Users/prasopchocksancharoen/.m2/repository/org/springframework/boot/spring-boot-autoconfigure/3.4.0/spring-boot-autoconfigure-3.4.0.jar:/Users/prasopchocksancharoen/.m2/repository/org/springframework/boot/spring-boot-starter-logging/3.4.0/spring-boot-starter-logging-3.4.0.jar:/Users/prasopchocksancharoen/.m2/repository/ch/qos/logback/logback-classic/1.5.12/logback-classic-1.5.12.jar:/Users/prasopchocksancharoen/.m2/repository/ch/qos/logback/logback-core/1.5.12/logback-core-1.5.12.jar:/Users/prasopchocksancharoen/.m2/repository/org/apache/logging/log4j/log4j-to-slf4j/2.24.1/log4j-to-slf4j-2.24.1.jar:/Users/prasopchocksancharoen/.m2/repository/org/apache/logging/log4j/log4j-api/2.24.1/log4j-api-2.24.1.jar:/Users/prasopchocksancharoen/.m2/repository/org/slf4j/jul-to-slf4j/2.0.16/jul-to-slf4j-2.0.16.jar:/Users/prasopchocksancharoen/.m2/repository/jakarta/annotation/jakarta.annotation-api/2.1.1/jakarta.annotation-api-2.1.1.jar:/Users/prasopchocksancharoen/.m2/repository/org/yaml/snakeyaml/2.3/snakeyaml-2.3.jar:/Users/prasopchocksancharoen/.m2/repository/org/springframework/boot/spring-boot-starter-jdbc/3.4.0/spring-boot-starter-jdbc-3.4.0.jar:/Users/prasopchocksancharoen/.m2/repository/com/zaxxer/HikariCP/5.1.0/HikariCP-5.1.0.jar:/Users/prasopchocksancharoen/.m2/repository/org/springframework/spring-jdbc/6.2.0/spring-jdbc-6.2.0.jar:/Users/prasopchocksancharoen/.m2/repository/org/hibernate/orm/hibernate-core/6.6.2.Final/hibernate-core-6.6.2.Final.jar:/Users/prasopchocksancharoen/.m2/repository/jakarta/persistence/jakarta.persistence-api/3.1.0/jakarta.persistence-api-3.1.0.jar:/Users/prasopchocksancharoen/.m2/repository/jakarta/transaction/jakarta.transaction-api/2.0.1/jakarta.transaction-api-2.0.1.jar:/Users/prasopchocksancharoen/.m2/repository/org/jboss/logging/jboss-logging/3.6.1.Final/jboss-logging-3.6.1.Final.jar:/Users/prasopchocksancharoen/.m2/repository/org/hibernate/common/hibernate-commons-annotations/7.0.3.Final/hibernate-commons-annotations-7.0.3.Final.jar:/Users/prasopchocksancharoen/.m2/repository/io/smallrye/jandex/3.2.0/jandex-3.2.0.jar:/Users/prasopchocksancharoen/.m2/repository/com/fasterxml/classmate/1.7.0/classmate-1.7.0.jar:/Users/prasopchocksancharoen/.m2/repository/net/bytebuddy/byte-buddy/1.15.10/byte-buddy-1.15.10.jar:/Users/prasopchocksancharoen/.m2/repository/org/glassfish/jaxb/jaxb-runtime/4.0.5/jaxb-runtime-4.0.5.jar:/Users/prasopchocksancharoen/.m2/repository/org/glassfish/jaxb/jaxb-core/4.0.5/jaxb-core-4.0.5.jar:/Users/prasopchocksancharoen/.m2/repository/org/eclipse/angus/angus-activation/2.0.2/angus-activation-2.0.2.jar:/Users/prasopchocksancharoen/.m2/repository/org/glassfish/jaxb/txw2/4.0.5/txw2-4.0.5.jar:/Users/prasopchocksancharoen/.m2/repository/com/sun/istack/istack-commons-runtime/4.1.2/istack-commons-runtime-4.1.2.jar:/Users/prasopchocksancharoen/.m2/repository/jakarta/inject/jakarta.inject-api/2.0.1/jakarta.inject-api-2.0.1.jar:/Users/prasopchocksancharoen/.m2/repository/org/antlr/antlr4-runtime/4.13.0/antlr4-runtime-4.13.0.jar:/Users/prasopchocksancharoen/.m2/repository/org/springframework/data/spring-data-jpa/3.4.0/spring-data-jpa-3.4.0.jar:/Users/prasopchocksancharoen/.m2/repository/org/springframework/data/spring-data-commons/3.4.0/spring-data-commons-3.4.0.jar:/Users/prasopchocksancharoen/.m2/repository/org/springframework/spring-orm/6.2.0/spring-orm-6.2.0.jar:/Users/prasopchocksancharoen/.m2/repository/org/springframework/spring-context/6.2.0/spring-context-6.2.0.jar:/Users/prasopchocksancharoen/.m2/repository/org/springframework/spring-aop/6.2.0/spring-aop-6.2.0.jar:/Users/prasopchocksancharoen/.m2/repository/org/springframework/spring-tx/6.2.0/spring-tx-6.2.0.jar:/Users/prasopchocksancharoen/.m2/repository/org/springframework/spring-beans/6.2.0/spring-beans-6.2.0.jar:/Users/prasopchocksancharoen/.m2/repository/org/slf4j/slf4j-api/2.0.16/slf4j-api-2.0.16.jar:/Users/prasopchocksancharoen/.m2/repository/org/springframework/spring-aspects/6.2.0/spring-aspects-6.2.0.jar:/Users/prasopchocksancharoen/.m2/repository/org/aspectj/aspectjweaver/1.9.22.1/aspectjweaver-1.9.22.1.jar:/Users/prasopchocksancharoen/.m2/repository/org/springframework/boot/spring-boot-starter-web/3.4.0/spring-boot-starter-web-3.4.0.jar:/Users/prasopchocksancharoen/.m2/repository/org/springframework/boot/spring-boot-starter-json/3.4.0/spring-boot-starter-json-3.4.0.jar:/Users/prasopchocksancharoen/.m2/repository/com/fasterxml/jackson/core/jackson-databind/2.18.1/jackson-databind-2.18.1.jar:/Users/prasopchocksancharoen/.m2/repository/com/fasterxml/jackson/core/jackson-annotations/2.18.1/jackson-annotations-2.18.1.jar:/Users/prasopchocksancharoen/.m2/repository/com/fasterxml/jackson/core/jackson-core/2.18.1/jackson-core-2.18.1.jar:/Users/prasopchocksancharoen/.m2/repository/com/fasterxml/jackson/datatype/jackson-datatype-jdk8/2.18.1/jackson-datatype-jdk8-2.18.1.jar:/Users/prasopchocksancharoen/.m2/repository/com/fasterxml/jackson/datatype/jackson-datatype-jsr310/2.18.1/jackson-datatype-jsr310-2.18.1.jar:/Users/prasopchocksancharoen/.m2/repository/com/fasterxml/jackson/module/jackson-module-parameter-names/2.18.1/jackson-module-parameter-names-2.18.1.jar:/Users/prasopchocksancharoen/.m2/repository/org/springframework/boot/spring-boot-starter-tomcat/3.4.0/spring-boot-starter-tomcat-3.4.0.jar:/Users/prasopchocksancharoen/.m2/repository/org/apache/tomcat/embed/tomcat-embed-core/10.1.33/tomcat-embed-core-10.1.33.jar:/Users/prasopchocksancharoen/.m2/repository/org/apache/tomcat/embed/tomcat-embed-el/10.1.33/tomcat-embed-el-10.1.33.jar:/Users/prasopchocksancharoen/.m2/repository/org/apache/tomcat/embed/tomcat-embed-websocket/10.1.33/tomcat-embed-websocket-10.1.33.jar:/Users/prasopchocksancharoen/.m2/repository/org/springframework/spring-web/6.2.0/spring-web-6.2.0.jar:/Users/prasopchocksancharoen/.m2/repository/io/micrometer/micrometer-observation/1.14.1/micrometer-observation-1.14.1.jar:/Users/prasopchocksancharoen/.m2/repository/io/micrometer/micrometer-commons/1.14.1/micrometer-commons-1.14.1.jar:/Users/prasopchocksancharoen/.m2/repository/org/springframework/spring-webmvc/6.2.0/spring-webmvc-6.2.0.jar:/Users/prasopchocksancharoen/.m2/repository/org/springframework/spring-expression/6.2.0/spring-expression-6.2.0.jar:/Users/prasopchocksancharoen/.m2/repository/com/mysql/mysql-connector-j/9.1.0/mysql-connector-j-9.1.0.jar:/Users/prasopchocksancharoen/.m2/repository/org/projectlombok/lombok/1.18.36/lombok-1.18.36.jar:/Users/prasopchocksancharoen/.m2/repository/org/springframework/boot/spring-boot-starter-test/3.4.0/spring-boot-starter-test-3.4.0.jar:/Users/prasopchocksancharoen/.m2/repository/org/springframework/boot/spring-boot-test/3.4.0/spring-boot-test-3.4.0.jar:/Users/prasopchocksancharoen/.m2/repository/org/springframework/boot/spring-boot-test-autoconfigure/3.4.0/spring-boot-test-autoconfigure-3.4.0.jar:/Users/prasopchocksancharoen/.m2/repository/com/jayway/jsonpath/json-path/2.9.0/json-path-2.9.0.jar:/Users/prasopchocksancharoen/.m2/repository/jakarta/xml/bind/jakarta.xml.bind-api/4.0.2/jakarta.xml.bind-api-4.0.2.jar:/Users/prasopchocksancharoen/.m2/repository/jakarta/activation/jakarta.activation-api/2.1.3/jakarta.activation-api-2.1.3.jar:/Users/prasopchocksancharoen/.m2/repository/net/minidev/json-smart/2.5.1/json-smart-2.5.1.jar:/Users/prasopchocksancharoen/.m2/repository/net/minidev/accessors-smart/2.5.1/accessors-smart-2.5.1.jar:/Users/prasopchocksancharoen/.m2/repository/org/ow2/asm/asm/9.6/asm-9.6.jar:/Users/prasopchocksancharoen/.m2/repository/org/assertj/assertj-core/3.26.3/assertj-core-3.26.3.jar:/Users/prasopchocksancharoen/.m2/repository/org/awaitility/awaitility/4.2.2/awaitility-4.2.2.jar:/Users/prasopchocksancharoen/.m2/repository/org/hamcrest/hamcrest/2.2/hamcrest-2.2.jar:/Users/prasopchocksancharoen/.m2/repository/org/junit/jupiter/junit-jupiter/5.11.3/junit-jupiter-5.11.3.jar:/Users/prasopchocksancharoen/.m2/repository/org/junit/jupiter/junit-jupiter-api/5.11.3/junit-jupiter-api-5.11.3.jar:/Users/prasopchocksancharoen/.m2/repository/org/opentest4j/opentest4j/1.3.0/opentest4j-1.3.0.jar:/Users/prasopchocksancharoen/.m2/repository/org/junit/platform/junit-platform-commons/1.11.3/junit-platform-commons-1.11.3.jar:/Users/prasopchocksancharoen/.m2/repository/org/apiguardian/apiguardian-api/1.1.2/apiguardian-api-1.1.2.jar:/Users/prasopchocksancharoen/.m2/repository/org/junit/jupiter/junit-jupiter-params/5.11.3/junit-jupiter-params-5.11.3.jar:/Users/prasopchocksancharoen/.m2/repository/org/junit/jupiter/junit-jupiter-engine/5.11.3/junit-jupiter-engine-5.11.3.jar:/Users/prasopchocksancharoen/.m2/repository/org/junit/platform/junit-platform-engine/1.11.3/junit-platform-engine-1.11.3.jar:/Users/prasopchocksancharoen/.m2/repository/org/mockito/mockito-core/5.14.2/mockito-core-5.14.2.jar:/Users/prasopchocksancharoen/.m2/repository/net/bytebuddy/byte-buddy-agent/1.15.10/byte-buddy-agent-1.15.10.jar:/Users/prasopchocksancharoen/.m2/repository/org/objenesis/objenesis/3.3/objenesis-3.3.jar:/Users/prasopchocksancharoen/.m2/repository/org/mockito/mockito-junit-jupiter/5.14.2/mockito-junit-jupiter-5.14.2.jar:/Users/prasopchocksancharoen/.m2/repository/org/skyscreamer/jsonassert/1.5.3/jsonassert-1.5.3.jar:/Users/prasopchocksancharoen/.m2/repository/com/vaadin/external/google/android-json/0.0.20131108.vaadin1/android-json-0.0.20131108.vaadin1.jar:/Users/prasopchocksancharoen/.m2/repository/org/springframework/spring-core/6.2.0/spring-core-6.2.0.jar:/Users/prasopchocksancharoen/.m2/repository/org/springframework/spring-jcl/6.2.0/spring-jcl-6.2.0.jar:/Users/prasopchocksancharoen/.m2/repository/org/springframework/spring-test/6.2.0/spring-test-6.2.0.jar:/Users/prasopchocksancharoen/.m2/repository/org/xmlunit/xmlunit-core/2.10.0/xmlunit-core-2.10.0.jar:"/>
    <property name="sun.cpu.endian" value="little"/>
    <property name="user.home" value="/Users/prasopchocksancharoen"/>
    <property name="user.language" value="en"/>
    <property name="java.specification.vendor" value="Oracle Corporation"/>
    <property name="java.version.date" value="2023-10-17"/>
    <property name="java.home" value="/Library/Java/JavaVirtualMachines/jdk-21.jdk/Contents/Home"/>
    <property name="file.separator" value="/"/>
    <property name="basedir" value="/Users/prasopchocksancharoen/Documents/Intern-Poonsap/movies_db"/>
    <property name="java.vm.compressedOopsMode" value="Zero based"/>
    <property name="line.separator" value="&#10;"/>
    <property name="java.vm.specification.vendor" value="Oracle Corporation"/>
    <property name="java.specification.name" value="Java Platform API Specification"/>
    <property name="FILE_LOG_CHARSET" value="UTF-8"/>
    <property name="java.awt.headless" value="true"/>
    <property name="apple.awt.application.name" value="ForkedBooter"/>
    <property name="surefire.real.class.path" value="/Users/prasopchocksancharoen/Documents/Intern-Poonsap/movies_db/target/surefire/surefirebooter-20241213115101815_3.jar"/>
    <property name="sun.management.compiler" value="HotSpot 64-Bit Tiered Compilers"/>
    <property name="ftp.nonProxyHosts" value="local|*.local|169.254/16|*.169.254/16"/>
    <property name="java.runtime.version" value="21.0.1+12-LTS-29"/>
    <property name="user.name" value="prasopchocksancharoen"/>
    <property name="stdout.encoding" value="UTF-8"/>
    <property name="path.separator" value=":"/>
    <property name="os.version" value="13.6.1"/>
    <property name="java.runtime.name" value="Java(TM) SE Runtime Environment"/>
    <property name="file.encoding" value="UTF-8"/>
    <property name="java.vm.name" value="Java HotSpot(TM) 64-Bit Server VM"/>
    <property name="localRepository" value="/Users/prasopchocksancharoen/.m2/repository"/>
    <property name="java.vendor.url.bug" value="https://bugreport.java.com/bugreport/"/>
    <property name="java.io.tmpdir" value="/var/folders/87/cxgkqjg942x1jt9hydl7t30c0000gn/T/"/>
    <property name="idea.version" value="2023.3.8"/>
    <property name="com.zaxxer.hikari.pool_number" value="1"/>
    <property name="java.version" value="21.0.1"/>
    <property name="user.dir" value="/Users/prasopchocksancharoen/Documents/Intern-Poonsap/movies_db"/>
    <property name="os.arch" value="x86_64"/>
    <property name="java.vm.specification.name" value="Java Virtual Machine Specification"/>
    <property name="PID" value="7848"/>
    <property name="CONSOLE_LOG_CHARSET" value="UTF-8"/>
    <property name="native.encoding" value="UTF-8"/>
    <property name="java.library.path" value="/Users/prasopchocksancharoen/Library/Java/Extensions:/Library/Java/Extensions:/Network/Library/Java/Extensions:/System/Library/Java/Extensions:/usr/lib/java:."/>
    <property name="java.vm.info" value="mixed mode, sharing"/>
    <property name="stderr.encoding" value="UTF-8"/>
    <property name="java.vendor" value="Oracle Corporation"/>
    <property name="java.vm.version" value="21.0.1+12-LTS-29"/>
    <property name="sun.io.unicode.encoding" value="UnicodeBig"/>
    <property name="socksNonProxyHosts" value="local|*.local|169.254/16|*.169.254/16"/>
    <property name="java.class.version" value="65.0"/>
    <property name="LOGGED_APPLICATION_NAME" value="[movies_db] "/>
  </properties>
  <testcase name="contextLoads" classname="digio.co.th.movies_db.MoviesDbApplicationTests" time="0.92">
    <system-out><![CDATA[11:51:03.008 [main] INFO org.springframework.test.context.support.AnnotationConfigContextLoaderUtils -- Could not detect default configuration classes for test class [digio.co.th.movies_db.MoviesDbApplicationTests]: MoviesDbApplicationTests does not declare any static, non-private, non-final, nested classes annotated with @Configuration.
11:51:03.169 [main] INFO org.springframework.boot.test.context.SpringBootTestContextBootstrapper -- Found @SpringBootConfiguration digio.co.th.movies_db.MoviesDbApplication for test class digio.co.th.movies_db.MoviesDbApplicationTests

  .   ____          _            __ _ _
 /\\ / ___'_ __ _ _(_)_ __  __ _ \ \ \ \
( ( )\___ | '_ | '_| | '_ \/ _` | \ \ \ \
 \\/  ___)| |_)| | | | | || (_| |  ) ) ) )
  '  |____| .__|_| |_|_| |_\__, | / / / /
 =========|_|==============|___/=/_/_/_/

 :: Spring Boot ::                (v3.4.0)

2024-12-13T11:51:04.044+07:00  INFO 7848 --- [movies_db] [           main] d.c.t.m.MoviesDbApplicationTests         : Starting MoviesDbApplicationTests using Java 21.0.1 with PID 7848 (started by prasopchocksancharoen in /Users/prasopchocksancharoen/Documents/Intern-Poonsap/movies_db)
2024-12-13T11:51:04.046+07:00  INFO 7848 --- [movies_db] [           main] d.c.t.m.MoviesDbApplicationTests         : No active profile set, falling back to 1 default profile: "default"
2024-12-13T11:51:05.072+07:00  INFO 7848 --- [movies_db] [           main] .s.d.r.c.RepositoryConfigurationDelegate : Bootstrapping Spring Data JPA repositories in DEFAULT mode.
2024-12-13T11:51:05.210+07:00  INFO 7848 --- [movies_db] [           main] .s.d.r.c.RepositoryConfigurationDelegate : Finished Spring Data repository scanning in 119 ms. Found 2 JPA repository interfaces.
2024-12-13T11:51:05.898+07:00  INFO 7848 --- [movies_db] [           main] o.hibernate.jpa.internal.util.LogHelper  : HHH000204: Processing PersistenceUnitInfo [name: default]
2024-12-13T11:51:06.007+07:00  INFO 7848 --- [movies_db] [           main] org.hibernate.Version                    : HHH000412: Hibernate ORM core version 6.6.2.Final
2024-12-13T11:51:06.080+07:00  INFO 7848 --- [movies_db] [           main] o.h.c.internal.RegionFactoryInitiator    : HHH000026: Second-level cache disabled
2024-12-13T11:51:06.583+07:00  INFO 7848 --- [movies_db] [           main] o.s.o.j.p.SpringPersistenceUnitInfo      : No LoadTimeWeaver setup: ignoring JPA class transformer
2024-12-13T11:51:06.637+07:00  INFO 7848 --- [movies_db] [           main] com.zaxxer.hikari.HikariDataSource       : HikariPool-1 - Starting...
2024-12-13T11:51:07.221+07:00  INFO 7848 --- [movies_db] [           main] com.zaxxer.hikari.pool.HikariPool        : HikariPool-1 - Added connection com.mysql.cj.jdbc.ConnectionImpl@416a4275
2024-12-13T11:51:07.223+07:00  INFO 7848 --- [movies_db] [           main] com.zaxxer.hikari.HikariDataSource       : HikariPool-1 - Start completed.
2024-12-13T11:51:07.416+07:00  INFO 7848 --- [movies_db] [           main] org.hibernate.orm.connections.pooling    : HHH10001005: Database info:
	Database JDBC URL [Connecting through datasource 'HikariDataSource (HikariPool-1)']
	Database driver: undefined/unknown
	Database version: 8.0.40
	Autocommit mode: undefined/unknown
	Isolation level: undefined/unknown
	Minimum pool size: undefined/unknown
	Maximum pool size: undefined/unknown
2024-12-13T11:51:08.730+07:00  INFO 7848 --- [movies_db] [           main] o.h.e.t.j.p.i.JtaPlatformInitiator       : HHH000489: No JTA platform available (set 'hibernate.transaction.jta.platform' to enable JTA platform integration)
2024-12-13T11:51:08.884+07:00  INFO 7848 --- [movies_db] [           main] j.LocalContainerEntityManagerFactoryBean : Initialized JPA EntityManagerFactory for persistence unit 'default'
2024-12-13T11:51:09.258+07:00  INFO 7848 --- [movies_db] [           main] o.s.d.j.r.query.QueryEnhancerFactory     : Hibernate is in classpath; If applicable, HQL parser will be used.
2024-12-13T11:51:10.294+07:00  WARN 7848 --- [movies_db] [           main] JpaBaseConfiguration$JpaWebConfiguration : spring.jpa.open-in-view is enabled by default. Therefore, database queries may be performed during view rendering. Explicitly configure spring.jpa.open-in-view to disable this warning
2024-12-13T11:51:10.853+07:00  INFO 7848 --- [movies_db] [           main] d.c.t.m.MoviesDbApplicationTests         : Started MoviesDbApplicationTests in 7.209 seconds (process running for 8.849)
Hibernate: select count(*) from genres g1_0 where g1_0.idgen=?
Hibernate: select count(*) from genres g1_0 where g1_0.idgen=?
Hibernate: select count(*) from genres g1_0 where g1_0.idgen=?
Hibernate: select count(*) from genres g1_0 where g1_0.idgen=?
Hibernate: select count(*) from genres g1_0 where g1_0.idgen=?
Hibernate: select count(*) from genres g1_0 where g1_0.idgen=?
Hibernate: select count(*) from genres g1_0 where g1_0.idgen=?
Hibernate: select count(*) from genres g1_0 where g1_0.idgen=?
Hibernate: select count(*) from genres g1_0 where g1_0.idgen=?
Hibernate: select count(*) from genres g1_0 where g1_0.idgen=?
Hibernate: select count(*) from genres g1_0 where g1_0.idgen=?
Hibernate: select count(*) from genres g1_0 where g1_0.idgen=?
Hibernate: select count(*) from genres g1_0 where g1_0.idgen=?
Hibernate: select count(*) from genres g1_0 where g1_0.idgen=?
Hibernate: select count(*) from genres g1_0 where g1_0.idgen=?
Hibernate: select count(*) from genres g1_0 where g1_0.idgen=?
Hibernate: select count(*) from genres g1_0 where g1_0.idgen=?
Hibernate: select count(*) from genres g1_0 where g1_0.idgen=?
Hibernate: select count(*) from genres g1_0 where g1_0.idgen=?
Hibernate: select m1_0.idmovie,m1_0.background_path,m1_0.overview,m1_0.poster_path,m1_0.rating,m1_0.release_date,m1_0.title from movies m1_0 where m1_0.idmovie=?
Hibernate: select g1_0.idgen,g1_0.name from genres g1_0 where g1_0.idgen in (?,?,?,?,?)
Hibernate: select m1_0.idmovie,m1_0.background_path,m1_0.overview,m1_0.poster_path,m1_0.rating,m1_0.release_date,m1_0.title from movies m1_0 where m1_0.idmovie=?
Hibernate: select g1_0.idmovie,g1_1.idgen,g1_1.name from movie_genres g1_0 join genres g1_1 on g1_1.idgen=g1_0.idgen where g1_0.idmovie=?
Hibernate: update movies set background_path=?,overview=?,poster_path=?,rating=?,release_date=?,title=? where idmovie=?
Hibernate: select m1_0.idmovie,m1_0.background_path,m1_0.overview,m1_0.poster_path,m1_0.rating,m1_0.release_date,m1_0.title from movies m1_0 where m1_0.idmovie=?
Hibernate: select g1_0.idgen,g1_0.name from genres g1_0 where g1_0.idgen in (?,?,?,?)
Hibernate: select m1_0.idmovie,m1_0.background_path,m1_0.overview,m1_0.poster_path,m1_0.rating,m1_0.release_date,m1_0.title from movies m1_0 where m1_0.idmovie=?
Hibernate: select g1_0.idmovie,g1_1.idgen,g1_1.name from movie_genres g1_0 join genres g1_1 on g1_1.idgen=g1_0.idgen where g1_0.idmovie=?
Hibernate: select m1_0.idmovie,m1_0.background_path,m1_0.overview,m1_0.poster_path,m1_0.rating,m1_0.release_date,m1_0.title from movies m1_0 where m1_0.idmovie=?
Hibernate: select g1_0.idgen,g1_0.name from genres g1_0 where g1_0.idgen in (?,?,?)
Hibernate: select m1_0.idmovie,m1_0.background_path,m1_0.overview,m1_0.poster_path,m1_0.rating,m1_0.release_date,m1_0.title from movies m1_0 where m1_0.idmovie=?
Hibernate: select g1_0.idmovie,g1_1.idgen,g1_1.name from movie_genres g1_0 join genres g1_1 on g1_1.idgen=g1_0.idgen where g1_0.idmovie=?
Hibernate: select m1_0.idmovie,m1_0.background_path,m1_0.overview,m1_0.poster_path,m1_0.rating,m1_0.release_date,m1_0.title from movies m1_0 where m1_0.idmovie=?
Hibernate: select g1_0.idgen,g1_0.name from genres g1_0 where g1_0.idgen in (?,?)
Hibernate: select m1_0.idmovie,m1_0.background_path,m1_0.overview,m1_0.poster_path,m1_0.rating,m1_0.release_date,m1_0.title from movies m1_0 where m1_0.idmovie=?
Hibernate: select g1_0.idmovie,g1_1.idgen,g1_1.name from movie_genres g1_0 join genres g1_1 on g1_1.idgen=g1_0.idgen where g1_0.idmovie=?
Hibernate: select m1_0.idmovie,m1_0.background_path,m1_0.overview,m1_0.poster_path,m1_0.rating,m1_0.release_date,m1_0.title from movies m1_0 where m1_0.idmovie=?
Hibernate: select g1_0.idgen,g1_0.name from genres g1_0 where g1_0.idgen in (?,?,?)
Hibernate: select m1_0.idmovie,m1_0.background_path,m1_0.overview,m1_0.poster_path,m1_0.rating,m1_0.release_date,m1_0.title from movies m1_0 where m1_0.idmovie=?
Hibernate: select g1_0.idmovie,g1_1.idgen,g1_1.name from movie_genres g1_0 join genres g1_1 on g1_1.idgen=g1_0.idgen where g1_0.idmovie=?
Hibernate: select m1_0.idmovie,m1_0.background_path,m1_0.overview,m1_0.poster_path,m1_0.rating,m1_0.release_date,m1_0.title from movies m1_0 where m1_0.idmovie=?
Hibernate: select g1_0.idgen,g1_0.name from genres g1_0 where g1_0.idgen in (?,?,?)
Hibernate: select m1_0.idmovie,m1_0.background_path,m1_0.overview,m1_0.poster_path,m1_0.rating,m1_0.release_date,m1_0.title from movies m1_0 where m1_0.idmovie=?
Hibernate: select g1_0.idmovie,g1_1.idgen,g1_1.name from movie_genres g1_0 join genres g1_1 on g1_1.idgen=g1_0.idgen where g1_0.idmovie=?
Hibernate: select m1_0.idmovie,m1_0.background_path,m1_0.overview,m1_0.poster_path,m1_0.rating,m1_0.release_date,m1_0.title from movies m1_0 where m1_0.idmovie=?
Hibernate: select g1_0.idgen,g1_0.name from genres g1_0 where g1_0.idgen in (?,?)
Hibernate: select m1_0.idmovie,m1_0.background_path,m1_0.overview,m1_0.poster_path,m1_0.rating,m1_0.release_date,m1_0.title from movies m1_0 where m1_0.idmovie=?
Hibernate: select g1_0.idmovie,g1_1.idgen,g1_1.name from movie_genres g1_0 join genres g1_1 on g1_1.idgen=g1_0.idgen where g1_0.idmovie=?
Hibernate: select m1_0.idmovie,m1_0.background_path,m1_0.overview,m1_0.poster_path,m1_0.rating,m1_0.release_date,m1_0.title from movies m1_0 where m1_0.idmovie=?
Hibernate: select g1_0.idgen,g1_0.name from genres g1_0 where g1_0.idgen in (?,?,?)
Hibernate: select m1_0.idmovie,m1_0.background_path,m1_0.overview,m1_0.poster_path,m1_0.rating,m1_0.release_date,m1_0.title from movies m1_0 where m1_0.idmovie=?
Hibernate: select g1_0.idmovie,g1_1.idgen,g1_1.name from movie_genres g1_0 join genres g1_1 on g1_1.idgen=g1_0.idgen where g1_0.idmovie=?
Hibernate: select m1_0.idmovie,m1_0.background_path,m1_0.overview,m1_0.poster_path,m1_0.rating,m1_0.release_date,m1_0.title from movies m1_0 where m1_0.idmovie=?
Hibernate: select g1_0.idgen,g1_0.name from genres g1_0 where g1_0.idgen in (?)
Hibernate: select m1_0.idmovie,m1_0.background_path,m1_0.overview,m1_0.poster_path,m1_0.rating,m1_0.release_date,m1_0.title from movies m1_0 where m1_0.idmovie=?
Hibernate: select g1_0.idmovie,g1_1.idgen,g1_1.name from movie_genres g1_0 join genres g1_1 on g1_1.idgen=g1_0.idgen where g1_0.idmovie=?
Hibernate: select m1_0.idmovie,m1_0.background_path,m1_0.overview,m1_0.poster_path,m1_0.rating,m1_0.release_date,m1_0.title from movies m1_0 where m1_0.idmovie=?
Hibernate: select g1_0.idgen,g1_0.name from genres g1_0 where g1_0.idgen in (?,?,?)
Hibernate: select m1_0.idmovie,m1_0.background_path,m1_0.overview,m1_0.poster_path,m1_0.rating,m1_0.release_date,m1_0.title from movies m1_0 where m1_0.idmovie=?
Hibernate: select g1_0.idmovie,g1_1.idgen,g1_1.name from movie_genres g1_0 join genres g1_1 on g1_1.idgen=g1_0.idgen where g1_0.idmovie=?
Hibernate: select m1_0.idmovie,m1_0.background_path,m1_0.overview,m1_0.poster_path,m1_0.rating,m1_0.release_date,m1_0.title from movies m1_0 where m1_0.idmovie=?
Hibernate: select g1_0.idgen,g1_0.name from genres g1_0 where g1_0.idgen in (?,?)
Hibernate: select m1_0.idmovie,m1_0.background_path,m1_0.overview,m1_0.poster_path,m1_0.rating,m1_0.release_date,m1_0.title from movies m1_0 where m1_0.idmovie=?
Hibernate: select g1_0.idmovie,g1_1.idgen,g1_1.name from movie_genres g1_0 join genres g1_1 on g1_1.idgen=g1_0.idgen where g1_0.idmovie=?
Hibernate: update movies set background_path=?,overview=?,poster_path=?,rating=?,release_date=?,title=? where idmovie=?
Hibernate: select m1_0.idmovie,m1_0.background_path,m1_0.overview,m1_0.poster_path,m1_0.rating,m1_0.release_date,m1_0.title from movies m1_0 where m1_0.idmovie=?
Hibernate: select g1_0.idgen,g1_0.name from genres g1_0 where g1_0.idgen in (?,?,?)
Hibernate: select m1_0.idmovie,m1_0.background_path,m1_0.overview,m1_0.poster_path,m1_0.rating,m1_0.release_date,m1_0.title from movies m1_0 where m1_0.idmovie=?
Hibernate: select g1_0.idmovie,g1_1.idgen,g1_1.name from movie_genres g1_0 join genres g1_1 on g1_1.idgen=g1_0.idgen where g1_0.idmovie=?
Hibernate: select m1_0.idmovie,m1_0.background_path,m1_0.overview,m1_0.poster_path,m1_0.rating,m1_0.release_date,m1_0.title from movies m1_0 where m1_0.idmovie=?
Hibernate: select g1_0.idgen,g1_0.name from genres g1_0 where g1_0.idgen in (?,?,?)
Hibernate: select m1_0.idmovie,m1_0.background_path,m1_0.overview,m1_0.poster_path,m1_0.rating,m1_0.release_date,m1_0.title from movies m1_0 where m1_0.idmovie=?
Hibernate: select g1_0.idmovie,g1_1.idgen,g1_1.name from movie_genres g1_0 join genres g1_1 on g1_1.idgen=g1_0.idgen where g1_0.idmovie=?
Hibernate: select m1_0.idmovie,m1_0.background_path,m1_0.overview,m1_0.poster_path,m1_0.rating,m1_0.release_date,m1_0.title from movies m1_0 where m1_0.idmovie=?
Hibernate: select g1_0.idgen,g1_0.name from genres g1_0 where g1_0.idgen in (?,?)
Hibernate: select m1_0.idmovie,m1_0.background_path,m1_0.overview,m1_0.poster_path,m1_0.rating,m1_0.release_date,m1_0.title from movies m1_0 where m1_0.idmovie=?
Hibernate: select g1_0.idmovie,g1_1.idgen,g1_1.name from movie_genres g1_0 join genres g1_1 on g1_1.idgen=g1_0.idgen where g1_0.idmovie=?
Hibernate: select m1_0.idmovie,m1_0.background_path,m1_0.overview,m1_0.poster_path,m1_0.rating,m1_0.release_date,m1_0.title from movies m1_0 where m1_0.idmovie=?
Hibernate: select g1_0.idgen,g1_0.name from genres g1_0 where g1_0.idgen in (?,?)
No genres found for movie with ID: 202879
Hibernate: select m1_0.idmovie,m1_0.background_path,m1_0.overview,m1_0.poster_path,m1_0.rating,m1_0.release_date,m1_0.title from movies m1_0 where m1_0.idmovie=?
Hibernate: select g1_0.idgen,g1_0.name from genres g1_0 where g1_0.idgen in (?,?,?,?)
Hibernate: select m1_0.idmovie,m1_0.background_path,m1_0.overview,m1_0.poster_path,m1_0.rating,m1_0.release_date,m1_0.title from movies m1_0 where m1_0.idmovie=?
Hibernate: select g1_0.idmovie,g1_1.idgen,g1_1.name from movie_genres g1_0 join genres g1_1 on g1_1.idgen=g1_0.idgen where g1_0.idmovie=?
Hibernate: select m1_0.idmovie,m1_0.background_path,m1_0.overview,m1_0.poster_path,m1_0.rating,m1_0.release_date,m1_0.title from movies m1_0 where m1_0.idmovie=?
Hibernate: select g1_0.idgen,g1_0.name from genres g1_0 where g1_0.idgen in (?,?,?,?)
Hibernate: select m1_0.idmovie,m1_0.background_path,m1_0.overview,m1_0.poster_path,m1_0.rating,m1_0.release_date,m1_0.title from movies m1_0 where m1_0.idmovie=?
Hibernate: select g1_0.idmovie,g1_1.idgen,g1_1.name from movie_genres g1_0 join genres g1_1 on g1_1.idgen=g1_0.idgen where g1_0.idmovie=?
Hibernate: update movies set background_path=?,overview=?,poster_path=?,rating=?,release_date=?,title=? where idmovie=?
Hibernate: select m1_0.idmovie,m1_0.background_path,m1_0.overview,m1_0.poster_path,m1_0.rating,m1_0.release_date,m1_0.title from movies m1_0 where m1_0.idmovie=?
Hibernate: select g1_0.idgen,g1_0.name from genres g1_0 where g1_0.idgen in (?,?,?,?,?,?,?)
Hibernate: select m1_0.idmovie,m1_0.background_path,m1_0.overview,m1_0.poster_path,m1_0.rating,m1_0.release_date,m1_0.title from movies m1_0 where m1_0.idmovie=?
Hibernate: select g1_0.idmovie,g1_1.idgen,g1_1.name from movie_genres g1_0 join genres g1_1 on g1_1.idgen=g1_0.idgen where g1_0.idmovie=?
Hibernate: select m1_0.idmovie,m1_0.background_path,m1_0.overview,m1_0.poster_path,m1_0.rating,m1_0.release_date,m1_0.title from movies m1_0 where m1_0.idmovie=?
Hibernate: select g1_0.idgen,g1_0.name from genres g1_0 where g1_0.idgen in (?,?,?)
Hibernate: select m1_0.idmovie,m1_0.background_path,m1_0.overview,m1_0.poster_path,m1_0.rating,m1_0.release_date,m1_0.title from movies m1_0 where m1_0.idmovie=?
Hibernate: select g1_0.idmovie,g1_1.idgen,g1_1.name from movie_genres g1_0 join genres g1_1 on g1_1.idgen=g1_0.idgen where g1_0.idmovie=?
Hibernate: select m1_0.idmovie,m1_0.background_path,m1_0.overview,m1_0.poster_path,m1_0.rating,m1_0.release_date,m1_0.title from movies m1_0 where m1_0.idmovie=?
Hibernate: select g1_0.idgen,g1_0.name from genres g1_0 where g1_0.idgen in (?,?,?,?)
Hibernate: select m1_0.idmovie,m1_0.background_path,m1_0.overview,m1_0.poster_path,m1_0.rating,m1_0.release_date,m1_0.title from movies m1_0 where m1_0.idmovie=?
Hibernate: select g1_0.idgen,g1_0.name from genres g1_0 where g1_0.idgen=?
Hibernate: select g1_0.idgen,g1_0.name from genres g1_0 where g1_0.idgen=?
Hibernate: select g1_0.idgen,g1_0.name from genres g1_0 where g1_0.idgen=?
Hibernate: select g1_0.idgen,g1_0.name from genres g1_0 where g1_0.idgen=?
Hibernate: insert into movies (background_path,overview,poster_path,rating,release_date,title,idmovie) values (?,?,?,?,?,?,?)
Hibernate: insert into movie_genres (idmovie,idgen) values (?,?)
Hibernate: insert into movie_genres (idmovie,idgen) values (?,?)
Hibernate: insert into movie_genres (idmovie,idgen) values (?,?)
Hibernate: insert into movie_genres (idmovie,idgen) values (?,?)
]]></system-out>
    <system-err><![CDATA[Mockito is currently self-attaching to enable the inline-mock-maker. This will no longer work in future releases of the JDK. Please add Mockito as an agent to your build what is described in Mockito's documentation: https://javadoc.io/doc/org.mockito/mockito-core/latest/org/mockito/Mockito.html#0.3
WARNING: A Java agent has been loaded dynamically (/Users/prasopchocksancharoen/.m2/repository/net/bytebuddy/byte-buddy-agent/1.15.10/byte-buddy-agent-1.15.10.jar)
WARNING: If a serviceability tool is in use, please run with -XX:+EnableDynamicAgentLoading to hide this warning
WARNING: If a serviceability tool is not in use, please run with -Djdk.instrument.traceUsage for more information
WARNING: Dynamic loading of agents will be disallowed by default in a future release
]]></system-err>
  </testcase>
</testsuite>